<?xml version="1.0" encoding="UTF-8"?>
<!-- Generated by org.testng.reporters.JUnitReportReporter -->
<testsuite hostname="Isha58" failures="0" tests="1" name="testCase_mainScenarios.loginUsernameTest" time="95.568" errors="0" timestamp="2022-04-16T16:39:03 IST" skipped="0">
  <testcase classname="testCase_mainScenarios.loginUsernameTest" name="loginUserTest" time="95.568"/>
  <system-out/>
</testsuite> <!-- testCase_mainScenarios.loginUsernameTest -->
